<?xml version="1.0" encoding="UTF-8"?>
<testng-results skipped="0" failed="0" ignored="0" total="1" passed="1">
  <reporter-output>
  </reporter-output>
  <suite name="Suite" duration-ms="140674" started-at="2021-04-03T03:33:49Z" finished-at="2021-04-03T03:36:09Z">
    <groups>
    </groups>
    <test name="Test" duration-ms="140674" started-at="2021-04-03T03:33:49Z" finished-at="2021-04-03T03:36:09Z">
      <class name="employeeList.testcases.EmployeeTest">
        <test-method status="PASS" signature="initialize()[pri:0, instance:employeeList.testcases.EmployeeTest@29ba4338]" name="initialize" is-config="true" duration-ms="3358" started-at="2021-04-03T03:33:49Z" finished-at="2021-04-03T03:33:52Z">
          <reporter-output>
          </reporter-output>
        </test-method> <!-- initialize -->
        <test-method status="PASS" signature="runEmployeeList()[pri:0, instance:employeeList.testcases.EmployeeTest@29ba4338]" name="runEmployeeList" duration-ms="137287" started-at="2021-04-03T03:33:52Z" finished-at="2021-04-03T03:36:09Z">
          <reporter-output>
          </reporter-output>
        </test-method> <!-- runEmployeeList -->
      </class> <!-- employeeList.testcases.EmployeeTest -->
    </test> <!-- Test -->
  </suite> <!-- Suite -->
</testng-results>
