<?xml version="1.0" encoding="UTF-8"?>
<testng-results skipped="0" failed="0" ignored="0" total="1" passed="1">
  <reporter-output>
  </reporter-output>
  <suite name="Default suite" duration-ms="139162" started-at="2021-03-29T06:41:57Z" finished-at="2021-03-29T06:44:17Z">
    <groups>
    </groups>
    <test name="Default test" duration-ms="139162" started-at="2021-03-29T06:41:57Z" finished-at="2021-03-29T06:44:17Z">
      <class name="employeeList.testcases.EmployeeTest">
        <test-method status="PASS" signature="initialize()[pri:0, instance:employeeList.testcases.EmployeeTest@57baeedf]" name="initialize" is-config="true" duration-ms="3131" started-at="2021-03-29T06:41:57Z" finished-at="2021-03-29T06:42:01Z">
          <reporter-output>
          </reporter-output>
        </test-method> <!-- initialize -->
        <test-method status="PASS" signature="runEmployeeList()[pri:0, instance:employeeList.testcases.EmployeeTest@57baeedf]" name="runEmployeeList" duration-ms="136000" started-at="2021-03-29T06:42:01Z" finished-at="2021-03-29T06:44:17Z">
          <reporter-output>
          </reporter-output>
        </test-method> <!-- runEmployeeList -->
      </class> <!-- employeeList.testcases.EmployeeTest -->
    </test> <!-- Default test -->
  </suite> <!-- Default suite -->
</testng-results>
